20191212 19:39:07 Scouter Server Version 2.7.0 2019-06-23 12:59 GMT
  ____                  _            
 / ___|  ___ ___  _   _| |_ ___ _ __ 
 \___ \ / __/   \| | | | __/ _ \ '__|
  ___) | (_| (+) | |_| | ||  __/ |   
 |____/ \___\___/ \__,_|\__\___|_|                                      
 Open Source S/W Performance Monitoring  
 Scouter version 2.7.0
 
20191212 19:39:07 Load Account Group File
20191212 19:39:07 Load Account File
20191212 19:39:07 Load Account Group File
20191212 19:39:07 udp listen 0.0.0.0:6100
20191212 19:39:07 	udp_host=0.0.0.0
20191212 19:39:07 	udp_port=6100
20191212 19:39:07 	udp_buffer=65535
20191212 19:39:07 	udp_so_rcvbuf=4194304
20191212 19:39:07 Load Account File
20191212 19:39:07 	tcp_port=6100
20191212 19:39:07 	cp_agent_so_timeout=60000
20191212 19:39:07 	cp_client_so_timeout=8000
20191212 19:39:12 [S215] Alert rule detected : ErrorRate.alert
20191212 19:39:12 PLUG-IN : scouter.server.plugin.IAlert loaded #x1n1jtm4
20191212 19:39:12 PLUG-IN : scouter.server.plugin.ICounter loaded #x2iipci
20191212 19:39:12 PLUG-IN : scouter.server.plugin.IObject loaded #x13c5abk
20191212 19:39:12 PLUG-IN : scouter.server.plugin.IXLog loaded #x1a88lhm
20191212 19:39:12 PLUG-IN : scouter.server.plugin.IXLog loaded #xnq620k
20191212 19:39:12 PLUG-IN : scouter.server.plugin.IXLogProfile loaded #x1secc4m
20191212 19:39:12 PLUG-IN : scouter.server.plugin.ISummary loaded #x1nk2v36
20191212 19:39:16 [S178] Server Shutdown
20191212 19:39:16 [S179] Shutdown scouter.server.db.DBCtr$$anon$1@54dfff91 ...
20191212 19:39:16 [S179] Shutdown scouter.server.core.CoreRun$$anon$1@11dd6b6e ...
20191212 19:39:16 [S179] Shutdown scouter.server.term.TermMain$1@733f6528 ...
20191212 19:39:22 Scouter Server Version 2.7.0 2019-06-23 12:59 GMT
  ____                  _            
 / ___|  ___ ___  _   _| |_ ___ _ __ 
 \___ \ / __/   \| | | | __/ _ \ '__|
  ___) | (_| (+) | |_| | ||  __/ |   
 |____/ \___\___/ \__,_|\__\___|_|                                      
 Open Source S/W Performance Monitoring  
 Scouter version 2.7.0
 
20191212 19:39:22 Load Account Group File
20191212 19:39:22 Load Account File
20191212 19:39:22 Load Account Group File
20191212 19:39:22 udp listen 0.0.0.0:6100
20191212 19:39:22 	udp_host=0.0.0.0
20191212 19:39:22 	udp_port=6100
20191212 19:39:22 	udp_buffer=65535
20191212 19:39:22 	udp_so_rcvbuf=4194304
20191212 19:39:22 Load Account File
20191212 19:39:22 	tcp_port=6100
20191212 19:39:22 	cp_agent_so_timeout=60000
20191212 19:39:22 	cp_client_so_timeout=8000
20191212 19:39:25 [S178] Server Shutdown
20191212 19:39:25 [S179] Shutdown scouter.server.db.DBCtr$$anon$1@3acf9210 ...
20191212 19:39:25 [S179] Shutdown scouter.server.core.CoreRun$$anon$1@1fc0a1ac ...
